----------------------------------------------------------------
Mon May 25 22:43:54 BRT 2020:
Booting Derby version The Apache Software Foundation - Apache Derby - 10.14.2.0 - (1828579): instance a816c00e-0172-4ea6-8235-00000734af88 
on database directory C:\Users\mathe\OneDrive\Área de Trabalho\Faculdade\5° Semestre\POOII\Lab\provafinal\dbbarbearia with class loader sun.misc.Launcher$AppClassLoader@764c12b6 
Loaded from file:/C:/Users/mathe/.m2/repository/org/apache/derby/derby/10.14.2.0/derby-10.14.2.0.jar
java.vendor=Oracle Corporation
java.runtime.version=1.8.0_111-b14
user.dir=c:\Users\mathe\OneDrive\Área de Trabalho\Faculdade\5° Semestre\POOII\Lab\provafinal
os.name=Windows 10
os.arch=amd64
os.version=10.0
derby.system.home=null
Database Class Loader started - derby.database.classpath=''
----------------------------------------------------------------
Mon May 25 22:45:55 BRT 2020:
Shutting down instance a816c00e-0172-4ea6-8235-00000734af88 on database directory C:\Users\mathe\OneDrive\Área de Trabalho\Faculdade\5° Semestre\POOII\Lab\provafinal\dbbarbearia with class loader sun.misc.Launcher$AppClassLoader@764c12b6 
Mon May 25 22:45:56 BRT 2020 Thread[Thread-204,5,main] Cleanup action starting
ERROR XBM0I: Directory dbbarbearia cannot be removed.
	at org.apache.derby.iapi.error.StandardException.newException(Unknown Source)
	at org.apache.derby.iapi.error.StandardException.newException(Unknown Source)
	at org.apache.derby.iapi.services.monitor.Monitor.removePersistentService(Unknown Source)
	at org.apache.derby.impl.jdbc.EmbedConnection$6.run(Unknown Source)
	at java.security.AccessController.doPrivileged(Native Method)
	at org.apache.derby.impl.jdbc.EmbedConnection.removePersistentService(Unknown Source)
	at org.apache.derby.impl.jdbc.EmbedConnection.<init>(Unknown Source)
	at org.apache.derby.jdbc.InternalDriver$1.run(Unknown Source)
	at org.apache.derby.jdbc.InternalDriver$1.run(Unknown Source)
	at java.security.AccessController.doPrivileged(Native Method)
	at org.apache.derby.jdbc.InternalDriver.getNewEmbedConnection(Unknown Source)
	at org.apache.derby.jdbc.InternalDriver$LoginCallable.call(Unknown Source)
	at org.apache.derby.jdbc.InternalDriver$LoginCallable.call(Unknown Source)
	at java.util.concurrent.FutureTask.run(FutureTask.java:266)
	at java.util.concurrent.ThreadPoolExecutor.runWorker(ThreadPoolExecutor.java:1142)
	at java.util.concurrent.ThreadPoolExecutor$Worker.run(ThreadPoolExecutor.java:617)
	at java.lang.Thread.run(Thread.java:745)
Cleanup action completed
Mon May 25 22:45:56 BRT 2020 Thread[Thread-204,5,main] Cleanup action starting
ERROR XBM0I: Directory dbbarbearia cannot be removed.
	at org.apache.derby.iapi.error.StandardException.newException(Unknown Source)
	at org.apache.derby.iapi.error.StandardException.newException(Unknown Source)
	at org.apache.derby.iapi.services.monitor.Monitor.removePersistentService(Unknown Source)
	at org.apache.derby.impl.jdbc.EmbedConnection$6.run(Unknown Source)
	at java.security.AccessController.doPrivileged(Native Method)
	at org.apache.derby.impl.jdbc.EmbedConnection.removePersistentService(Unknown Source)
	at org.apache.derby.impl.jdbc.EmbedConnection.<init>(Unknown Source)
	at org.apache.derby.jdbc.InternalDriver$1.run(Unknown Source)
	at org.apache.derby.jdbc.InternalDriver$1.run(Unknown Source)
	at java.security.AccessController.doPrivileged(Native Method)
	at org.apache.derby.jdbc.InternalDriver.getNewEmbedConnection(Unknown Source)
	at org.apache.derby.jdbc.InternalDriver$LoginCallable.call(Unknown Source)
	at org.apache.derby.jdbc.InternalDriver$LoginCallable.call(Unknown Source)
	at java.util.concurrent.FutureTask.run(FutureTask.java:266)
	at java.util.concurrent.ThreadPoolExecutor.runWorker(ThreadPoolExecutor.java:1142)
	at java.util.concurrent.ThreadPoolExecutor$Worker.run(ThreadPoolExecutor.java:617)
	at java.lang.Thread.run(Thread.java:745)
Cleanup action completed
----------------------------------------------------------------
Mon May 25 22:45:58 BRT 2020:
Booting Derby version The Apache Software Foundation - Apache Derby - 10.14.2.0 - (1828579): instance a902c02e-0172-4ea6-8235-00000734af88 
on database directory C:\Users\mathe\OneDrive\Área de Trabalho\Faculdade\5° Semestre\POOII\Lab\provafinal\dbbarbearia with class loader sun.misc.Launcher$AppClassLoader@764c12b6 
Loaded from file:/C:/Users/mathe/.m2/repository/org/apache/derby/derby/10.14.2.0/derby-10.14.2.0.jar
java.vendor=Oracle Corporation
java.runtime.version=1.8.0_111-b14
user.dir=c:\Users\mathe\OneDrive\Área de Trabalho\Faculdade\5° Semestre\POOII\Lab\provafinal
os.name=Windows 10
os.arch=amd64
os.version=10.0
derby.system.home=null
Database Class Loader started - derby.database.classpath=''
